\BOOKMARK [0][-]{chapter*.5}{\376\377\000L\000i\000s\000t\000a\000\040\000d\000e\000\040\000F\000i\000g\000u\000r\000a\000s}{}% 1
\BOOKMARK [0][-]{chapter*.6}{\376\377\000L\000i\000s\000t\000a\000\040\000d\000e\000\040\000T\000a\000b\000e\000l\000a\000s}{}% 2
\BOOKMARK [0][-]{mychaptercounter.1}{\376\377\0001\000\040\000I\000n\000t\000r\000o\000d\000u\000\347\000\343\000o}{}% 3
\BOOKMARK [0][-]{mychaptercounter.2}{\376\377\0002\000\040\000V\000i\000s\000u\000a\000l\000i\000z\000a\000\347\000\343\000o\000\040\000C\000i\000e\000n\000t\000\355\000f\000i\000c\000a}{}% 4
\BOOKMARK [1][-]{section.2.1}{\376\377\000V\000i\000s\000u\000a\000l\000i\000z\000a\000\347\000\343\000o\000\040\000R\000e\000m\000o\000t\000a}{mychaptercounter.2}% 5
\BOOKMARK [1][-]{section.2.2}{\376\377\000V\000i\000s\000u\000a\000l\000i\000z\000a\000\347\000\343\000o\000\040\000e\000m\000\040\000U\000l\000t\000r\000a\000-\000R\000e\000s\000o\000l\000u\000\347\000\343\000o}{mychaptercounter.2}% 6
\BOOKMARK [1][-]{section.2.3}{\376\377\000S\000A\000G\000E\000:\000\040\000S\000c\000a\000l\000a\000b\000l\000e\000\040\000A\000d\000a\000p\000t\000i\000v\000e\000\040\000G\000r\000a\000p\000h\000i\000c\000s\000\040\000E\000n\000v\000i\000r\000o\000n\000m\000e\000n\000t}{mychaptercounter.2}% 7
\BOOKMARK [0][-]{mychaptercounter.3}{\376\377\0003\000\040\000O\000p\000e\000n\000G\000L\000\040\000e\000\040\000X\000\040\000W\000i\000n\000d\000o\000w\000\040\000S\000y\000s\000t\000e\000m}{}% 8
\BOOKMARK [1][-]{section.3.1}{\376\377\000O\000p\000e\000n\000G\000L}{mychaptercounter.3}% 9
\BOOKMARK [2][-]{subsection.3.1.1}{\376\377\000H\000i\000s\000t\000\363\000r\000i\000a\000\040\000d\000o\000\040\000O\000p\000e\000n\000G\000L}{section.3.1}% 10
\BOOKMARK [2][-]{subsection.3.1.2}{\376\377\000C\000a\000r\000a\000c\000t\000e\000r\000\355\000s\000t\000i\000c\000a\000s\000\040\000d\000a\000\040\000A\000P\000I\000\040\000O\000p\000e\000n\000G\000L}{section.3.1}% 11
\BOOKMARK [2][-]{subsection.3.1.3}{\376\377\000A\000r\000q\000u\000i\000t\000e\000t\000u\000r\000a\000\040\000d\000a\000\040\000A\000P\000I\000\040\000O\000p\000e\000n\000G\000L}{section.3.1}% 12
\BOOKMARK [1][-]{section.3.2}{\376\377\000X\000\040\000W\000i\000n\000d\000o\000w\000\040\000S\000y\000s\000t\000e\000m}{mychaptercounter.3}% 13
\BOOKMARK [2][-]{subsection.3.2.1}{\376\377\000A\000r\000q\000u\000i\000t\000e\000t\000u\000r\000a\000\040\000d\000o\000\040\000X\000\040\000W\000i\000n\000d\000o\000w\000\040\000S\000y\000s\000t\000e\000m}{section.3.2}% 14
\BOOKMARK [2][-]{subsection.3.2.2}{\376\377\000O\000p\000e\000n\000G\000L\000\040\000E\000x\000t\000e\000n\000s\000i\000o\000n\000s\000\040\000t\000o\000\040\000t\000h\000e\000\040\000X\000\040\000W\000i\000n\000d\000o\000w\000\040\000S\000y\000s\000t\000e\000m\000\040\000\050\000G\000L\000X\000\051}{section.3.2}% 15
\BOOKMARK [0][-]{mychaptercounter.4}{\376\377\0004\000\040\000F\000e\000r\000r\000a\000m\000e\000n\000t\000a\000s}{}% 16
\BOOKMARK [1][-]{section.4.1}{\376\377\000V\000N\000C}{mychaptercounter.4}% 17
\BOOKMARK [2][-]{subsection.4.1.1}{\376\377\000P\000r\000o\000t\000o\000c\000o\000l\000o\000\040\000R\000F\000B}{section.4.1}% 18
\BOOKMARK [2][-]{subsection.4.1.2}{\376\377\000E\000n\000c\000o\000d\000i\000n\000g\000s}{section.4.1}% 19
\BOOKMARK [1][-]{section.4.2}{\376\377\000V\000i\000r\000t\000u\000a\000l\000G\000L}{mychaptercounter.4}% 20
\BOOKMARK [1][-]{section.4.3}{\376\377\000C\000h\000r\000o\000m\000i\000u\000m}{mychaptercounter.4}% 21
\BOOKMARK [0][-]{mychaptercounter.5}{\376\377\0005\000\040\000R\000e\000s\000u\000l\000t\000a\000d\000o\000s}{}% 22
\BOOKMARK [1][-]{section.5.1}{\376\377\000A\000m\000b\000i\000e\000n\000t\000e\000\040\000d\000e\000\040\000T\000e\000s\000t\000e\000s\000:\000\040\000O\000\040\000C\000l\000u\000s\000t\000e\000r\000\040\000G\000r\000a\000d\000e\000B\000R\000/\000U\000F\000A\000L}{mychaptercounter.5}% 23
\BOOKMARK [1][-]{section.5.2}{\376\377\000P\000r\000o\000t\000\363\000t\000i\000p\000o}{mychaptercounter.5}% 24
\BOOKMARK [1][-]{section.5.3}{\376\377\000A\000n\000\341\000l\000i\000s\000e\000\040\000d\000e\000\040\000D\000e\000s\000e\000m\000p\000e\000n\000h\000o}{mychaptercounter.5}% 25
\BOOKMARK [2][-]{subsection.5.3.1}{\376\377\000M\000e\000t\000o\000d\000o\000l\000o\000g\000i\000a}{section.5.3}% 26
\BOOKMARK [2][-]{subsection.5.3.2}{\376\377\000M\000o\000n\000i\000t\000o\000r\000a\000m\000e\000n\000t\000o}{section.5.3}% 27
\BOOKMARK [0][-]{mychaptercounter.6}{\376\377\0006\000\040\000C\000o\000n\000s\000i\000d\000e\000r\000a\000\347\000\365\000e\000s\000\040\000F\000i\000n\000a\000i\000s}{}% 28
\BOOKMARK [0][-]{chapter*.26}{\376\377\000R\000e\000f\000e\000r\000\352\000n\000c\000i\000a\000s\000\040\000b\000i\000b\000l\000i\000o\000g\000r\000\341\000f\000i\000c\000a\000s}{}% 29
